
> code-talk-server@1.0.0 start
> nodemon --exec babel-node src/index.js

[33m[nodemon] 3.1.10[39m
[33m[nodemon] to restart at any time, enter `rs`[39m
[33m[nodemon] watching path(s): *.*[39m
[33m[nodemon] watching extensions: js,mjs,cjs,json[39m
[32m[nodemon] starting `babel-node src/index.js`[39m
[dotenv@17.2.0] injecting env (10) from .env (tip: ⚙️  write to custom object with { processEnv: myObject })
⚠️  Running in development mode. Security features may be relaxed.
[dotenv@17.2.0] injecting env (0) from .env (tip: ⚙️  load multiple .env files with { path: ['.env.local', '.env'] })
Executing (default): SELECT table_name FROM information_schema.tables WHERE table_schema = 'public' AND table_name = 'users'
Executing (default): SELECT t.typname enum_name, array_agg(e.enumlabel ORDER BY enumsortorder) enum_value FROM pg_type t JOIN pg_enum e ON t.oid = e.enumtypid JOIN pg_catalog.pg_namespace n ON n.oid = t.typnamespace WHERE n.nspname = 'public' AND t.typname='enum_users_role' GROUP BY 1
Executing (default): SELECT i.relname AS name, ix.indisprimary AS primary, ix.indisunique AS unique, ix.indkey AS indkey, array_agg(a.attnum) as column_indexes, array_agg(a.attname) AS column_names, pg_get_indexdef(ix.indexrelid) AS definition FROM pg_class t, pg_class i, pg_index ix, pg_attribute a WHERE t.oid = ix.indrelid AND i.oid = ix.indexrelid AND a.attrelid = t.oid AND t.relkind = 'r' and t.relname = 'users' GROUP BY i.relname, ix.indexrelid, ix.indisprimary, ix.indisunique, ix.indkey ORDER BY i.relname;
Executing (default): SELECT table_name FROM information_schema.tables WHERE table_schema = 'public' AND table_name = 'messages'
Executing (default): SELECT i.relname AS name, ix.indisprimary AS primary, ix.indisunique AS unique, ix.indkey AS indkey, array_agg(a.attnum) as column_indexes, array_agg(a.attname) AS column_names, pg_get_indexdef(ix.indexrelid) AS definition FROM pg_class t, pg_class i, pg_index ix, pg_attribute a WHERE t.oid = ix.indrelid AND i.oid = ix.indexrelid AND a.attrelid = t.oid AND t.relkind = 'r' and t.relname = 'messages' GROUP BY i.relname, ix.indexrelid, ix.indisprimary, ix.indisunique, ix.indkey ORDER BY i.relname;
Apollo Server is running on http://localhost:8000/graphql
WebSocket subscriptions ready at ws://localhost:8000/graphql
2025-07-11 19:48:30 [[32minfo[39m]: GraphQL Operation Started  {"query":"mutation SignUp($username: String!, $email: String!, $password: String!) { signUp(username: $username, email: $email, password: $password) { token } }"}
Executing (default): INSERT INTO "users" ("id","username","email","password","role","createdAt","updatedAt") VALUES (DEFAULT,$1,$2,$3,$4,$5,$6) RETURNING "id","username","email","password","role","createdAt","updatedAt";
2025-07-11 19:48:31 [[31merror[39m]: Database Error Error: 
    at Query.run (/home/maxjeffwell/GitHub_Projects/code-talk-graphql-server/node_modules/sequelize/src/dialects/postgres/query.js:76:25)
    at /home/maxjeffwell/GitHub_Projects/code-talk-graphql-server/node_modules/sequelize/src/sequelize.js:650:28
    at PostgresQueryInterface.insert (/home/maxjeffwell/GitHub_Projects/code-talk-graphql-server/node_modules/sequelize/src/dialects/abstract/query-interface.js:795:21)
    at model.save (/home/maxjeffwell/GitHub_Projects/code-talk-graphql-server/node_modules/sequelize/src/model.js:4154:35)
    at Function.create (/home/maxjeffwell/GitHub_Projects/code-talk-graphql-server/node_modules/sequelize/src/model.js:2305:12)
    at Object.signUp (/home/maxjeffwell/GitHub_Projects/code-talk-graphql-server/src/resolvers/user.js:66:22) {"operation":"signUp","error":"Validation error"}
2025-07-11 19:48:31 [[31merror[39m]: GraphQL Error Encountered Cannot assign to read only property 'name' of object 'UserInputError: The username is already taken. Please choose a different one.'  {"path":["signUp"],"locations":[{"line":1,"column":76}]}
2025-07-11 19:48:31 [[31merror[39m]: GraphQL Error Cannot assign to read only property 'name' of object 'UserInputError: The username is already taken. Please choose a different one.'  {"code":"INTERNAL_SERVER_ERROR","path":["signUp"],"locations":[{"line":1,"column":76}]}
2025-07-11 19:48:31 [[33mwarn[39m]: GraphQL Response with errors  {"errorCount":1}
2025-07-11 19:48:31 [[32minfo[39m]: ::1 - - [11/Jul/2025:23:48:31 +0000] "POST /graphql HTTP/1.1" 200 258 "-" "curl/8.5.0"  
2025-07-11 19:48:51 [[32minfo[39m]: GraphQL Operation Started  {"query":"mutation SignUp($username: String!, $email: String!, $password: String!) { signUp(username: $username, email: $email, password: $password) { token } }"}
Executing (default): INSERT INTO "users" ("id","username","email","password","role","createdAt","updatedAt") VALUES (DEFAULT,$1,$2,$3,$4,$5,$6) RETURNING "id","username","email","password","role","createdAt","updatedAt";
2025-07-11 19:48:51 [[32minfo[39m]: User signed up successfully  {"userId":9,"username":"newuser2025","email":"newuser2025@example.com"}
2025-07-11 19:48:51 [[32minfo[39m]: ::1 - - [11/Jul/2025:23:48:51 +0000] "POST /graphql HTTP/1.1" 200 334 "-" "curl/8.5.0"  
2025-07-11 19:49:53 [[32minfo[39m]: GraphQL Operation Started  {"query":"{ me { id username email role __typename } }"}
2025-07-11 19:49:53 [[32minfo[39m]: ::1 - - [11/Jul/2025:23:49:53 +0000] "POST /graphql HTTP/1.1" 200 21 "http://localhost:3000/" "Mozilla/5.0 (X11; Linux x86_64) AppleWebKit/537.36 (KHTML, like Gecko) Chrome/138.0.0.0 Safari/537.36"  
2025-07-11 19:50:15 [[32minfo[39m]: GraphQL Operation Started  {"query":"mutation ($username: String!, $email: String!, $password: String!) { signUp(username: $username, email: $email, password: $password) { token __typename } }"}
2025-07-11 19:50:15 [[31merror[39m]: Database Error UserInputError: Password does not meet requirements
    at Object.signUp (/home/maxjeffwell/GitHub_Projects/code-talk-graphql-server/src/resolvers/user.js:58:17)
    at field.resolve (/home/maxjeffwell/GitHub_Projects/code-talk-graphql-server/node_modules/apollo-server-core/src/utils/schemaInstrumentation.ts:106:18)
    at executeField (/home/maxjeffwell/GitHub_Projects/code-talk-graphql-server/node_modules/graphql/execution/execute.js:500:20)
    at /home/maxjeffwell/GitHub_Projects/code-talk-graphql-server/node_modules/graphql/execution/execute.js:385:22
    at promiseReduce (/home/maxjeffwell/GitHub_Projects/code-talk-graphql-server/node_modules/graphql/jsutils/promiseReduce.js:23:9)
    at executeFieldsSerially (/home/maxjeffwell/GitHub_Projects/code-talk-graphql-server/node_modules/graphql/execution/execute.js:381:43)
    at executeOperation (/home/maxjeffwell/GitHub_Projects/code-talk-graphql-server/node_modules/graphql/execution/execute.js:355:14)
    at execute (/home/maxjeffwell/GitHub_Projects/code-talk-graphql-server/node_modules/graphql/execution/execute.js:136:20)
    at execute (/home/maxjeffwell/GitHub_Projects/code-talk-graphql-server/node_modules/apollo-server-core/src/requestPipeline.ts:504:34)
    at processGraphQLRequest (/home/maxjeffwell/GitHub_Projects/code-talk-graphql-server/node_modules/apollo-server-core/src/requestPipeline.ts:410:28)
    at processTicksAndRejections (node:internal/process/task_queues:105:5)
    at processHTTPRequest (/home/maxjeffwell/GitHub_Projects/code-talk-graphql-server/node_modules/apollo-server-core/src/runHttpQuery.ts:437:24) {"operation":"signUp","error":"Password does not meet requirements"}
2025-07-11 19:50:15 [[31merror[39m]: GraphQL Error Encountered Database operation failed  {"path":["signUp"],"locations":[{"line":2,"column":3}]}
2025-07-11 19:50:15 [[31merror[39m]: GraphQL Error Database operation failed  {"code":"DATABASE_ERROR","path":["signUp"],"locations":[{"line":2,"column":3}]}
2025-07-11 19:50:15 [[33mwarn[39m]: GraphQL Response with errors  {"errorCount":1}
2025-07-11 19:50:15 [[32minfo[39m]: ::1 - - [11/Jul/2025:23:50:15 +0000] "POST /graphql HTTP/1.1" 200 143 "http://localhost:3000/" "Mozilla/5.0 (X11; Linux x86_64) AppleWebKit/537.36 (KHTML, like Gecko) Chrome/138.0.0.0 Safari/537.36"  
2025-07-11 19:53:00 [[32minfo[39m]: GraphQL Operation Started  {"query":"mutation ($username: String!, $email: String!, $password: String!) { signUp(username: $username, email: $email, password: $password) { token __typename } }"}
2025-07-11 19:53:00 [[31merror[39m]: Database Error UserInputError: Password does not meet requirements
    at Object.signUp (/home/maxjeffwell/GitHub_Projects/code-talk-graphql-server/src/resolvers/user.js:58:17)
    at field.resolve (/home/maxjeffwell/GitHub_Projects/code-talk-graphql-server/node_modules/apollo-server-core/src/utils/schemaInstrumentation.ts:106:18)
    at executeField (/home/maxjeffwell/GitHub_Projects/code-talk-graphql-server/node_modules/graphql/execution/execute.js:500:20)
    at /home/maxjeffwell/GitHub_Projects/code-talk-graphql-server/node_modules/graphql/execution/execute.js:385:22
    at promiseReduce (/home/maxjeffwell/GitHub_Projects/code-talk-graphql-server/node_modules/graphql/jsutils/promiseReduce.js:23:9)
    at executeFieldsSerially (/home/maxjeffwell/GitHub_Projects/code-talk-graphql-server/node_modules/graphql/execution/execute.js:381:43)
    at executeOperation (/home/maxjeffwell/GitHub_Projects/code-talk-graphql-server/node_modules/graphql/execution/execute.js:355:14)
    at execute (/home/maxjeffwell/GitHub_Projects/code-talk-graphql-server/node_modules/graphql/execution/execute.js:136:20)
    at execute (/home/maxjeffwell/GitHub_Projects/code-talk-graphql-server/node_modules/apollo-server-core/src/requestPipeline.ts:504:34)
    at processGraphQLRequest (/home/maxjeffwell/GitHub_Projects/code-talk-graphql-server/node_modules/apollo-server-core/src/requestPipeline.ts:410:28)
    at processTicksAndRejections (node:internal/process/task_queues:105:5)
    at processHTTPRequest (/home/maxjeffwell/GitHub_Projects/code-talk-graphql-server/node_modules/apollo-server-core/src/runHttpQuery.ts:437:24) {"operation":"signUp","error":"Password does not meet requirements"}
2025-07-11 19:53:00 [[31merror[39m]: GraphQL Error Encountered Database operation failed  {"path":["signUp"],"locations":[{"line":2,"column":3}]}
2025-07-11 19:53:00 [[31merror[39m]: GraphQL Error Database operation failed  {"code":"DATABASE_ERROR","path":["signUp"],"locations":[{"line":2,"column":3}]}
2025-07-11 19:53:00 [[33mwarn[39m]: GraphQL Response with errors  {"errorCount":1}
2025-07-11 19:53:00 [[32minfo[39m]: ::1 - - [11/Jul/2025:23:53:00 +0000] "POST /graphql HTTP/1.1" 200 143 "http://localhost:3000/" "Mozilla/5.0 (X11; Linux x86_64) AppleWebKit/537.36 (KHTML, like Gecko) Chrome/138.0.0.0 Safari/537.36"  
2025-07-11 19:53:14 [[32minfo[39m]: GraphQL Operation Started  {"query":"mutation ($username: String!, $email: String!, $password: String!) { signUp(username: $username, email: $email, password: $password) { token __typename } }"}
2025-07-11 19:53:14 [[31merror[39m]: Database Error UserInputError: Password does not meet requirements
    at Object.signUp (/home/maxjeffwell/GitHub_Projects/code-talk-graphql-server/src/resolvers/user.js:58:17)
    at field.resolve (/home/maxjeffwell/GitHub_Projects/code-talk-graphql-server/node_modules/apollo-server-core/src/utils/schemaInstrumentation.ts:106:18)
    at executeField (/home/maxjeffwell/GitHub_Projects/code-talk-graphql-server/node_modules/graphql/execution/execute.js:500:20)
    at /home/maxjeffwell/GitHub_Projects/code-talk-graphql-server/node_modules/graphql/execution/execute.js:385:22
    at promiseReduce (/home/maxjeffwell/GitHub_Projects/code-talk-graphql-server/node_modules/graphql/jsutils/promiseReduce.js:23:9)
    at executeFieldsSerially (/home/maxjeffwell/GitHub_Projects/code-talk-graphql-server/node_modules/graphql/execution/execute.js:381:43)
    at executeOperation (/home/maxjeffwell/GitHub_Projects/code-talk-graphql-server/node_modules/graphql/execution/execute.js:355:14)
    at execute (/home/maxjeffwell/GitHub_Projects/code-talk-graphql-server/node_modules/graphql/execution/execute.js:136:20)
    at execute (/home/maxjeffwell/GitHub_Projects/code-talk-graphql-server/node_modules/apollo-server-core/src/requestPipeline.ts:504:34)
    at processGraphQLRequest (/home/maxjeffwell/GitHub_Projects/code-talk-graphql-server/node_modules/apollo-server-core/src/requestPipeline.ts:410:28)
    at processTicksAndRejections (node:internal/process/task_queues:105:5)
    at processHTTPRequest (/home/maxjeffwell/GitHub_Projects/code-talk-graphql-server/node_modules/apollo-server-core/src/runHttpQuery.ts:437:24) {"operation":"signUp","error":"Password does not meet requirements"}
2025-07-11 19:53:14 [[31merror[39m]: GraphQL Error Encountered Database operation failed  {"path":["signUp"],"locations":[{"line":2,"column":3}]}
2025-07-11 19:53:14 [[31merror[39m]: GraphQL Error Database operation failed  {"code":"DATABASE_ERROR","path":["signUp"],"locations":[{"line":2,"column":3}]}
2025-07-11 19:53:14 [[33mwarn[39m]: GraphQL Response with errors  {"errorCount":1}
2025-07-11 19:53:14 [[32minfo[39m]: ::1 - - [11/Jul/2025:23:53:14 +0000] "POST /graphql HTTP/1.1" 200 143 "http://localhost:3000/" "Mozilla/5.0 (X11; Linux x86_64) AppleWebKit/537.36 (KHTML, like Gecko) Chrome/138.0.0.0 Safari/537.36"  
Killed
[31m[nodemon] app crashed - waiting for file changes before starting...[39m
