
> code-talk-server@1.0.0 start
> babel-node src/index.js

[dotenv@17.2.0] injecting env (10) from .env (tip: 🔐 prevent building .env in docker: https://dotenvx.com/prebuild)
[dotenv@17.2.0] injecting env (0) from .env (tip: ⚙️  load multiple .env files with { path: ['.env.local', '.env'] })
[dotenv@17.2.0] injecting env (0) from .env (tip: ⚙️  override existing env vars with { override: true })
Apollo Server is running on http://localhost:8000/graphql
WebSocket subscriptions ready at ws://localhost:8000/graphql
2025-08-03 20:47:29 [[31merror[39m]: Express Error Bad escaped character in JSON at position 114 (line 2 column 113) SyntaxError: Bad escaped character in JSON at position 114 (line 2 column 113)
    at JSON.parse (<anonymous>)
    at parse (/home/maxjeffwell/GitHub_Projects/code-talk/code-talk-graphql-server/node_modules/body-parser/lib/types/json.js:92:19)
    at /home/maxjeffwell/GitHub_Projects/code-talk/code-talk-graphql-server/node_modules/body-parser/lib/read.js:128:18
    at AsyncResource.runInAsyncScope (node:async_hooks:214:14)
    at invokeCallback (/home/maxjeffwell/GitHub_Projects/code-talk/code-talk-graphql-server/node_modules/raw-body/index.js:238:16)
    at done (/home/maxjeffwell/GitHub_Projects/code-talk/code-talk-graphql-server/node_modules/raw-body/index.js:227:7)
    at IncomingMessage.onEnd (/home/maxjeffwell/GitHub_Projects/code-talk/code-talk-graphql-server/node_modules/raw-body/index.js:287:7)
    at IncomingMessage.emit (node:events:518:28)
    at IncomingMessage.emit (node:domain:489:12)
    at endReadableNT (node:internal/streams/readable:1698:12)
    at processTicksAndRejections (node:internal/process/task_queues:90:21) {"url":"/graphql","method":"POST","ip":"::1","userAgent":"curl/8.5.0"}
2025-08-03 20:47:46 [[31merror[39m]: Express Error Bad escaped character in JSON at position 108 (line 1 column 109) SyntaxError: Bad escaped character in JSON at position 108 (line 1 column 109)
    at JSON.parse (<anonymous>)
    at parse (/home/maxjeffwell/GitHub_Projects/code-talk/code-talk-graphql-server/node_modules/body-parser/lib/types/json.js:92:19)
    at /home/maxjeffwell/GitHub_Projects/code-talk/code-talk-graphql-server/node_modules/body-parser/lib/read.js:128:18
    at AsyncResource.runInAsyncScope (node:async_hooks:214:14)
    at invokeCallback (/home/maxjeffwell/GitHub_Projects/code-talk/code-talk-graphql-server/node_modules/raw-body/index.js:238:16)
    at done (/home/maxjeffwell/GitHub_Projects/code-talk/code-talk-graphql-server/node_modules/raw-body/index.js:227:7)
    at IncomingMessage.onEnd (/home/maxjeffwell/GitHub_Projects/code-talk/code-talk-graphql-server/node_modules/raw-body/index.js:287:7)
    at IncomingMessage.emit (node:events:518:28)
    at IncomingMessage.emit (node:domain:489:12)
    at endReadableNT (node:internal/streams/readable:1698:12)
    at processTicksAndRejections (node:internal/process/task_queues:90:21) {"url":"/graphql","method":"POST","ip":"::1","userAgent":"curl/8.5.0"}
2025-08-03 20:48:04 [[32minfo[39m]: GraphQL Operation Started  {"query":"mutation SignUp($username: String!, $email: String!, $password: String!) { signUp(username: $username, email: $email, password: $password) { token refreshToken } }"}
2025-08-03 20:48:05 [[32minfo[39m]: User signed up successfully  {"userId":34,"username":"testuser123","email":"test@example.com"}
2025-08-03 20:48:05 [[32minfo[39m]: ::1 - - [04/Aug/2025:00:48:05 +0000] "POST /graphql HTTP/1.1" 200 583 "-" "curl/8.5.0"  
2025-08-03 20:53:40 [[32minfo[39m]: ::1 - - [04/Aug/2025:00:53:40 +0000] "GET /graphql HTTP/1.1" 200 - "-" "Mozilla/5.0 (X11; Linux x86_64) AppleWebKit/537.36 (KHTML, like Gecko) Chrome/138.0.0.0 Safari/537.36"  
2025-08-03 20:58:16 [[32minfo[39m]: ::1 - - [04/Aug/2025:00:58:16 +0000] "GET /graphql HTTP/1.1" 200 - "-" "Mozilla/5.0 (X11; Linux x86_64) AppleWebKit/537.36 (KHTML, like Gecko) Chrome/138.0.0.0 Safari/537.36"  
2025-08-03 20:58:43 [[32minfo[39m]: ::1 - - [04/Aug/2025:00:58:43 +0000] "GET /graphql HTTP/1.1" 200 - "-" "Mozilla/5.0 (X11; Linux x86_64) AppleWebKit/537.36 (KHTML, like Gecko) Chrome/138.0.0.0 Safari/537.36"  
2025-08-03 20:59:31 [[32minfo[39m]: GraphQL Operation Started  {"query":"mutation ($username: String!, $email: String!, $password: String!) { signUp(username: $username, email: $email, password: $password) { token __typename } }"}
2025-08-03 20:59:31 [[31merror[39m]: Database Error UserInputError: Password does not meet requirements
    at Object.signUp (/home/maxjeffwell/GitHub_Projects/code-talk/code-talk-graphql-server/src/resolvers/user.js:58:17)
    at field.resolve (/home/maxjeffwell/GitHub_Projects/code-talk/code-talk-graphql-server/node_modules/apollo-server-core/src/utils/schemaInstrumentation.ts:106:18)
    at executeField (/home/maxjeffwell/GitHub_Projects/code-talk/code-talk-graphql-server/node_modules/graphql/execution/execute.js:500:20)
    at /home/maxjeffwell/GitHub_Projects/code-talk/code-talk-graphql-server/node_modules/graphql/execution/execute.js:385:22
    at promiseReduce (/home/maxjeffwell/GitHub_Projects/code-talk/code-talk-graphql-server/node_modules/graphql/jsutils/promiseReduce.js:23:9)
    at executeFieldsSerially (/home/maxjeffwell/GitHub_Projects/code-talk/code-talk-graphql-server/node_modules/graphql/execution/execute.js:381:43)
    at executeOperation (/home/maxjeffwell/GitHub_Projects/code-talk/code-talk-graphql-server/node_modules/graphql/execution/execute.js:355:14)
    at execute (/home/maxjeffwell/GitHub_Projects/code-talk/code-talk-graphql-server/node_modules/graphql/execution/execute.js:136:20)
    at execute (/home/maxjeffwell/GitHub_Projects/code-talk/code-talk-graphql-server/node_modules/apollo-server-core/src/requestPipeline.ts:504:34)
    at processGraphQLRequest (/home/maxjeffwell/GitHub_Projects/code-talk/code-talk-graphql-server/node_modules/apollo-server-core/src/requestPipeline.ts:410:28)
    at processTicksAndRejections (node:internal/process/task_queues:105:5)
    at processHTTPRequest (/home/maxjeffwell/GitHub_Projects/code-talk/code-talk-graphql-server/node_modules/apollo-server-core/src/runHttpQuery.ts:437:24) {"operation":"signUp","error":"Password does not meet requirements"}
2025-08-03 20:59:31 [[31merror[39m]: GraphQL Error Encountered Database operation failed  {"path":["signUp"],"locations":[{"line":2,"column":3}]}
2025-08-03 20:59:31 [[31merror[39m]: GraphQL Error Database operation failed  {"code":"DATABASE_ERROR","path":["signUp"],"locations":[{"line":2,"column":3}]}
2025-08-03 20:59:31 [[33mwarn[39m]: GraphQL Response with errors  {"errorCount":1}
2025-08-03 20:59:31 [[32minfo[39m]: ::1 - - [04/Aug/2025:00:59:31 +0000] "POST /graphql HTTP/1.1" 200 143 "http://localhost:3000/" "Mozilla/5.0 (Linux; Android 6.0; Nexus 5 Build/MRA58N) AppleWebKit/537.36 (KHTML, like Gecko) Chrome/138.0.0.0 Mobile Safari/537.36"  
2025-08-03 21:07:31 [[32minfo[39m]: ::1 - - [04/Aug/2025:01:07:31 +0000] "GET /graphql HTTP/1.1" 200 - "-" "Mozilla/5.0 (X11; Linux x86_64) AppleWebKit/537.36 (KHTML, like Gecko) Chrome/138.0.0.0 Safari/537.36"  
2025-08-03 21:08:10 [[32minfo[39m]: GraphQL Operation Started  {"query":"mutation ($username: String!, $email: String!, $password: String!) { signUp(username: $username, email: $email, password: $password) { token __typename } }"}
2025-08-03 21:08:11 [[32minfo[39m]: User signed up successfully  {"userId":35,"username":"demo25","email":"demo25@example.com"}
2025-08-03 21:08:11 [[32minfo[39m]: ::1 - - [04/Aug/2025:01:08:11 +0000] "POST /graphql HTTP/1.1" 200 343 "http://localhost:3000/" "Mozilla/5.0 (Linux; Android 6.0; Nexus 5 Build/MRA58N) AppleWebKit/537.36 (KHTML, like Gecko) Chrome/138.0.0.0 Mobile Safari/537.36"  
2025-08-03 21:08:11 [[32minfo[39m]: User authenticated  {"userId":35,"username":"demo25","ip":"::1","userAgent":"Mozilla/5.0 (Linux; Android 6.0; Nexus 5 Build/MRA58N) AppleWebKit/537.36 (KHTML, like Gecko) Chrome/138.0.0.0 Mobile Safari/537.36"}
2025-08-03 21:08:11 [[32minfo[39m]: GraphQL Operation Started  {"query":"{ me { id username email role __typename } }"}
2025-08-03 21:08:11 [[32minfo[39m]: ::1 - - [04/Aug/2025:01:08:11 +0000] "POST /graphql HTTP/1.1" 200 111 "http://localhost:3000/" "Mozilla/5.0 (Linux; Android 6.0; Nexus 5 Build/MRA58N) AppleWebKit/537.36 (KHTML, like Gecko) Chrome/138.0.0.0 Mobile Safari/537.36"  
2025-08-03 21:08:12 [[32minfo[39m]: User authenticated  {"userId":35,"username":"demo25","ip":"::1","userAgent":"Mozilla/5.0 (Linux; Android 6.0; Nexus 5 Build/MRA58N) AppleWebKit/537.36 (KHTML, like Gecko) Chrome/138.0.0.0 Mobile Safari/537.36"}
2025-08-03 21:08:12 [[32minfo[39m]: GraphQL Operation Started  {"query":"query ($cursor: String, $limit: Int!, $roomId: ID) { messages(cursor: $cursor, limit: $limit, roomId: $roomId) { edges { id text createdAt roomId user { id username __typename } __typename } pageInfo { hasNextPage endCursor __typename } __typename } }"}
2025-08-03 21:08:12 [[32minfo[39m]: User authenticated  {"userId":35,"username":"demo25","ip":"::1","userAgent":"Mozilla/5.0 (Linux; Android 6.0; Nexus 5 Build/MRA58N) AppleWebKit/537.36 (KHTML, like Gecko) Chrome/138.0.0.0 Mobile Safari/537.36"}
2025-08-03 21:08:12 [[32minfo[39m]: GraphQL Operation Started  {"operationName":"readCodeQuery","query":"query readCodeQuery { readCode { body __typename } }"}
2025-08-03 21:08:12 [[32minfo[39m]: ::1 - - [04/Aug/2025:01:08:12 +0000] "POST /graphql HTTP/1.1" 200 54 "http://localhost:3000/" "Mozilla/5.0 (Linux; Android 6.0; Nexus 5 Build/MRA58N) AppleWebKit/537.36 (KHTML, like Gecko) Chrome/138.0.0.0 Mobile Safari/537.36"  
2025-08-03 21:08:12 [[32minfo[39m]: Client connected  
2025-08-03 21:08:12 [[32minfo[39m]: WebSocket connection established  
2025-08-03 21:08:12 [[32minfo[39m]: WebSocket user authenticated  {"userId":35,"username":"demo25"}
2025-08-03 21:08:12 [[32minfo[39m]: ::1 - - [04/Aug/2025:01:08:12 +0000] "POST /graphql HTTP/1.1" 200 561 "http://localhost:3000/" "Mozilla/5.0 (Linux; Android 6.0; Nexus 5 Build/MRA58N) AppleWebKit/537.36 (KHTML, like Gecko) Chrome/138.0.0.0 Mobile Safari/537.36"  
2025-08-03 21:08:12 [[32minfo[39m]: WebSocket connection established  
2025-08-03 21:08:12 [[32minfo[39m]: WebSocket user authenticated  {"userId":35,"username":"demo25"}
2025-08-03 21:08:12 [[32minfo[39m]: WebSocket connection established  
2025-08-03 21:08:12 [[32minfo[39m]: WebSocket user authenticated  {"userId":35,"username":"demo25"}
2025-08-03 21:08:12 [[32minfo[39m]: WebSocket connection established  
2025-08-03 21:08:12 [[32minfo[39m]: WebSocket user authenticated  {"userId":35,"username":"demo25"}
2025-08-03 21:08:12 [[32minfo[39m]: WebSocket connection established  
2025-08-03 21:08:12 [[32minfo[39m]: WebSocket user authenticated  {"userId":35,"username":"demo25"}
2025-08-03 21:08:12 [[32minfo[39m]: User authenticated  {"userId":35,"username":"demo25","ip":"::1","userAgent":"Mozilla/5.0 (Linux; Android 6.0; Nexus 5 Build/MRA58N) AppleWebKit/537.36 (KHTML, like Gecko) Chrome/138.0.0.0 Mobile Safari/537.36"}
2025-08-03 21:08:12 [[32minfo[39m]: GraphQL Operation Started  {"query":"{ me { id username email role __typename } }"}
2025-08-03 21:08:12 [[32minfo[39m]: ::1 - - [04/Aug/2025:01:08:12 +0000] "POST /graphql HTTP/1.1" 200 111 "http://localhost:3000/" "Mozilla/5.0 (Linux; Android 6.0; Nexus 5 Build/MRA58N) AppleWebKit/537.36 (KHTML, like Gecko) Chrome/138.0.0.0 Mobile Safari/537.36"  
2025-08-03 21:11:31 [[32minfo[39m]: Client disconnected  {"code":1001,"reason":""}
2025-08-03 21:36:26 [[32minfo[39m]: GraphQL Operation Started  {"query":"mutation ($username: String!, $email: String!, $password: String!) { signUp(username: $username, email: $email, password: $password) { token __typename } }"}
2025-08-03 21:36:26 [[31merror[39m]: Database Error UserInputError: Password does not meet requirements
    at Object.signUp (/home/maxjeffwell/GitHub_Projects/code-talk/code-talk-graphql-server/src/resolvers/user.js:58:17)
    at field.resolve (/home/maxjeffwell/GitHub_Projects/code-talk/code-talk-graphql-server/node_modules/apollo-server-core/src/utils/schemaInstrumentation.ts:106:18)
    at executeField (/home/maxjeffwell/GitHub_Projects/code-talk/code-talk-graphql-server/node_modules/graphql/execution/execute.js:500:20)
    at /home/maxjeffwell/GitHub_Projects/code-talk/code-talk-graphql-server/node_modules/graphql/execution/execute.js:385:22
    at promiseReduce (/home/maxjeffwell/GitHub_Projects/code-talk/code-talk-graphql-server/node_modules/graphql/jsutils/promiseReduce.js:23:9)
    at executeFieldsSerially (/home/maxjeffwell/GitHub_Projects/code-talk/code-talk-graphql-server/node_modules/graphql/execution/execute.js:381:43)
    at executeOperation (/home/maxjeffwell/GitHub_Projects/code-talk/code-talk-graphql-server/node_modules/graphql/execution/execute.js:355:14)
    at execute (/home/maxjeffwell/GitHub_Projects/code-talk/code-talk-graphql-server/node_modules/graphql/execution/execute.js:136:20)
    at execute (/home/maxjeffwell/GitHub_Projects/code-talk/code-talk-graphql-server/node_modules/apollo-server-core/src/requestPipeline.ts:504:34)
    at processGraphQLRequest (/home/maxjeffwell/GitHub_Projects/code-talk/code-talk-graphql-server/node_modules/apollo-server-core/src/requestPipeline.ts:410:28)
    at processTicksAndRejections (node:internal/process/task_queues:105:5)
    at processHTTPRequest (/home/maxjeffwell/GitHub_Projects/code-talk/code-talk-graphql-server/node_modules/apollo-server-core/src/runHttpQuery.ts:437:24) {"operation":"signUp","error":"Password does not meet requirements"}
2025-08-03 21:36:26 [[31merror[39m]: GraphQL Error Encountered Database operation failed  {"path":["signUp"],"locations":[{"line":2,"column":3}]}
2025-08-03 21:36:26 [[31merror[39m]: GraphQL Error Database operation failed  {"code":"DATABASE_ERROR","path":["signUp"],"locations":[{"line":2,"column":3}]}
2025-08-03 21:36:26 [[33mwarn[39m]: GraphQL Response with errors  {"errorCount":1}
2025-08-03 21:36:26 [[32minfo[39m]: ::1 - - [04/Aug/2025:01:36:26 +0000] "POST /graphql HTTP/1.1" 200 143 "http://localhost:3001/" "Mozilla/5.0 (Linux; Android 6.0; Nexus 5 Build/MRA58N) AppleWebKit/537.36 (KHTML, like Gecko) Chrome/138.0.0.0 Mobile Safari/537.36"  
